<?xml version="1.0" encoding="UTF-8"?>
<!-- Generated by org.testng.reporters.JUnitReportReporter -->
<testsuite hostname="MAVBCP1180" failures="0" tests="1" name="StepDefiniton.WaitMethods" time="14.128" errors="0" timestamp="2021-02-15T19:06:56 IST" skipped="0">
  <testcase classname="StepDefiniton.WaitMethods" name="cosmocode" time="14.128"/>
  <system-out/>
</testsuite> <!-- StepDefiniton.WaitMethods -->
