<?xml version="1.0" encoding="UTF-8"?>
<!-- Generated by org.testng.reporters.JUnitReportReporter -->
<testsuite hostname="MAVBCP1180" failures="0" tests="1" name="StepDefiniton.CheckBaxName" time="30.167" errors="0" timestamp="2021-02-15T18:47:29 IST" skipped="0">
  <testcase classname="StepDefiniton.CheckBaxName" name="print_data" time="30.167"/>
  <system-out/>
</testsuite> <!-- StepDefiniton.CheckBaxName -->
